1629176486260	geckodriver	INFO	Listening on 127.0.0.1:50795
1629176487260	mozrunner::runner	INFO	Running command: "/usr/bin/firefox" "--marionette" "-foreground" "-no-remote" "-profile" "/tmp/rust_mozprofileJrOijW"
1629176488519	Marionette	INFO	Marionette enabled
console.warn: SearchSettings: "get: No settings file exists, new profile?" (new NotFoundError("Could not open the file at /tmp/rust_mozprofileJrOijW/search.json.mozlz4", (void 0)))
1629176491092	Marionette	INFO	Listening on port 41707
1629176491209	RemoteAgent	WARN	TLS certificate errors will be ignored for this session
JavaScript warning: https://www.googletagmanager.com/gtm.js?id=GTM-WJZQSJF, line 330: unreachable code after return statement
Exiting due to channel error.
Exiting due to channel error.
Exiting due to channel error.
1629176607793	geckodriver	INFO	Listening on 127.0.0.1:46929
1629176607800	mozrunner::runner	INFO	Running command: "/usr/bin/firefox" "--marionette" "-foreground" "-no-remote" "-profile" "/tmp/rust_mozprofilenRwXBm"
1629176608479	Marionette	INFO	Marionette enabled
console.warn: SearchSettings: "get: No settings file exists, new profile?" (new NotFoundError("Could not open the file at /tmp/rust_mozprofilenRwXBm/search.json.mozlz4", (void 0)))
1629176610376	Marionette	INFO	Listening on port 39347
1629176610438	RemoteAgent	WARN	TLS certificate errors will be ignored for this session
JavaScript warning: https://www.googletagmanager.com/gtm.js?id=GTM-WJZQSJF, line 330: unreachable code after return statement
JavaScript warning: https://www.googletagmanager.com/gtm.js?id=GTM-WJZQSJF, line 330: unreachable code after return statement
console.error: services.settings: 
  main/doh-providers Signature failed  InvalidSignatureError: Invalid content signature (main/doh-providers)
console.error: services.settings: 
  main/doh-providers local data was corrupted
console.warn: services.settings: main/doh-providers Signature verified failed. Retry from scratch
console.error: services.settings: 
  main/doh-config Signature failed  InvalidSignatureError: Invalid content signature (main/doh-config)
console.error: services.settings: 
  main/doh-config local data was corrupted
console.warn: services.settings: main/doh-config Signature verified failed. Retry from scratch
Exiting due to channel error.
Exiting due to channel error.
Exiting due to channel error.
1629181266276	geckodriver	INFO	Listening on 127.0.0.1:41801
1629181267277	mozrunner::runner	INFO	Running command: "/usr/bin/firefox" "--marionette" "-foreground" "-no-remote" "-profile" "/tmp/rust_mozprofileRcgGoH"
1629181268002	Marionette	INFO	Marionette enabled
console.warn: SearchSettings: "get: No settings file exists, new profile?" (new NotFoundError("Could not open the file at /tmp/rust_mozprofileRcgGoH/search.json.mozlz4", (void 0)))
1629181270019	Marionette	INFO	Listening on port 36533
1629181270105	RemoteAgent	WARN	TLS certificate errors will be ignored for this session
JavaScript warning: https://www.googletagmanager.com/gtm.js?id=GTM-WJZQSJF, line 330: unreachable code after return statement
JavaScript warning: https://www.googletagmanager.com/gtm.js?id=GTM-WJZQSJF, line 330: unreachable code after return statement
1629181387472	Marionette	WARN	Ignoring event 'DOMContentLoaded' because document has an invalid readyState of 'complete'.
JavaScript warning: https://www.googletagmanager.com/gtm.js?id=GTM-WJZQSJF, line 330: unreachable code after return statement
1629181390181	Marionette	WARN	Ignoring event 'DOMContentLoaded' because document has an invalid readyState of 'complete'.
JavaScript warning: https://www.googletagmanager.com/gtm.js?id=GTM-WJZQSJF, line 330: unreachable code after return statement
1629181404096	Marionette	WARN	Ignoring event 'DOMContentLoaded' because document has an invalid readyState of 'complete'.
JavaScript warning: https://www.googletagmanager.com/gtm.js?id=GTM-WJZQSJF, line 330: unreachable code after return statement
Exiting due to channel error.
Exiting due to channel error.
Exiting due to channel error.
